2021-03-17 02:40:21.848  INFO 23796 --- [main] com.nzzi.guide.todo.TodoApplication      : Starting TodoApplication using Java 1.8.0_121 on Choi with PID 23796 (N:\projects\guide_projects\todo\out\production\classes started by Choi in N:\projects\guide_projects\todo)
2021-03-17 02:40:21.852  INFO 23796 --- [main] com.nzzi.guide.todo.TodoApplication      : No active profile set, falling back to default profiles: default
2021-03-17 02:40:22.920  INFO 23796 --- [main] .s.d.r.c.RepositoryConfigurationDelegate : Bootstrapping Spring Data JPA repositories in DEFAULT mode.
2021-03-17 02:40:22.931  INFO 23796 --- [main] .s.d.r.c.RepositoryConfigurationDelegate : Finished Spring Data repository scanning in 4 ms. Found 0 JPA repository interfaces.
2021-03-17 02:40:23.450  INFO 23796 --- [main] o.s.b.w.embedded.tomcat.TomcatWebServer  : Tomcat initialized with port(s): 9530 (http)
2021-03-17 02:40:23.459  INFO 23796 --- [main] o.apache.catalina.core.StandardService   : Starting service [Tomcat]
2021-03-17 02:40:23.460  INFO 23796 --- [main] org.apache.catalina.core.StandardEngine  : Starting Servlet engine: [Apache Tomcat/9.0.43]
2021-03-17 02:40:23.629  INFO 23796 --- [main] o.a.c.c.C.[Tomcat].[localhost].[/v1]     : Initializing Spring embedded WebApplicationContext
2021-03-17 02:40:23.629  INFO 23796 --- [main] w.s.c.ServletWebServerApplicationContext : Root WebApplicationContext: initialization completed in 1728 ms
2021-03-17 02:40:23.970  WARN 23796 --- [main] ConfigServletWebServerApplicationContext : Exception encountered during context initialization - cancelling refresh attempt: org.springframework.beans.factory.UnsatisfiedDependencyException: Error creating bean with name 'org.springframework.boot.autoconfigure.orm.jpa.HibernateJpaConfiguration': Unsatisfied dependency expressed through constructor parameter 0; nested exception is org.springframework.beans.factory.BeanCreationException: Error creating bean with name 'dataSource' defined in class path resource [org/springframework/boot/autoconfigure/jdbc/DataSourceConfiguration$Hikari.class]: Bean instantiation via factory method failed; nested exception is org.springframework.beans.BeanInstantiationException: Failed to instantiate [com.zaxxer.hikari.HikariDataSource]: Factory method 'dataSource' threw exception; nested exception is org.springframework.boot.autoconfigure.jdbc.DataSourceProperties$DataSourceBeanCreationException: Failed to determine a suitable driver class
2021-03-17 02:40:23.974  INFO 23796 --- [main] o.apache.catalina.core.StandardService   : Stopping service [Tomcat]
2021-03-17 02:40:23.994  INFO 23796 --- [main] ConditionEvaluationReportLoggingListener : 

Error starting ApplicationContext. To display the conditions report re-run your application with 'debug' enabled.
2021-03-17 02:40:24.008 ERROR 23796 --- [main] o.s.b.d.LoggingFailureAnalysisReporter   : 

***************************
APPLICATION FAILED TO START
***************************

Description:

Failed to configure a DataSource: 'url' attribute is not specified and no embedded datasource could be configured.

Reason: Failed to determine a suitable driver class


Action:

Consider the following:
	If you want an embedded database (H2, HSQL or Derby), please put it on the classpath.
	If you have database settings to be loaded from a particular profile you may need to activate it (no profiles are currently active).

2021-03-17 02:41:01.122  INFO 23684 --- [main] com.nzzi.guide.todo.TodoApplication      : Starting TodoApplication using Java 1.8.0_121 on Choi with PID 23684 (N:\projects\guide_projects\todo\out\production\classes started by Choi in N:\projects\guide_projects\todo)
2021-03-17 02:41:01.125  INFO 23684 --- [main] com.nzzi.guide.todo.TodoApplication      : No active profile set, falling back to default profiles: default
2021-03-17 02:41:02.017  INFO 23684 --- [main] .s.d.r.c.RepositoryConfigurationDelegate : Bootstrapping Spring Data JPA repositories in DEFAULT mode.
2021-03-17 02:41:02.027  INFO 23684 --- [main] .s.d.r.c.RepositoryConfigurationDelegate : Finished Spring Data repository scanning in 4 ms. Found 0 JPA repository interfaces.
2021-03-17 02:41:02.323  INFO 23684 --- [main] trationDelegate$BeanPostProcessorChecker : Bean 'org.springframework.security.access.expression.method.DefaultMethodSecurityExpressionHandler@27ace0b1' of type [org.springframework.security.access.expression.method.DefaultMethodSecurityExpressionHandler] is not eligible for getting processed by all BeanPostProcessors (for example: not eligible for auto-proxying)
2021-03-17 02:41:02.327  INFO 23684 --- [main] trationDelegate$BeanPostProcessorChecker : Bean 'methodSecurityMetadataSource' of type [org.springframework.security.access.method.DelegatingMethodSecurityMetadataSource] is not eligible for getting processed by all BeanPostProcessors (for example: not eligible for auto-proxying)
2021-03-17 02:41:02.605  INFO 23684 --- [main] o.s.b.w.embedded.tomcat.TomcatWebServer  : Tomcat initialized with port(s): 9530 (http)
2021-03-17 02:41:02.613  INFO 23684 --- [main] o.apache.catalina.core.StandardService   : Starting service [Tomcat]
2021-03-17 02:41:02.613  INFO 23684 --- [main] org.apache.catalina.core.StandardEngine  : Starting Servlet engine: [Apache Tomcat/9.0.43]
2021-03-17 02:41:02.740  INFO 23684 --- [main] o.a.c.c.C.[Tomcat].[localhost].[/v1]     : Initializing Spring embedded WebApplicationContext
2021-03-17 02:41:02.740  INFO 23684 --- [main] w.s.c.ServletWebServerApplicationContext : Root WebApplicationContext: initialization completed in 1558 ms
2021-03-17 02:41:03.263  INFO 23684 --- [main] o.hibernate.jpa.internal.util.LogHelper  : HHH000204: Processing PersistenceUnitInfo [name: default]
2021-03-17 02:41:03.327  INFO 23684 --- [main] org.hibernate.Version                    : HHH000412: Hibernate ORM core version 5.4.28.Final
2021-03-17 02:41:03.502  INFO 23684 --- [main] o.hibernate.annotations.common.Version   : HCANN000001: Hibernate Commons Annotations {5.1.2.Final}
2021-03-17 02:41:03.631  INFO 23684 --- [main] com.zaxxer.hikari.HikariDataSource       : HikariPool-1 - Starting...
2021-03-17 02:41:03.770  INFO 23684 --- [main] com.zaxxer.hikari.pool.PoolBase          : HikariPool-1 - Driver does not support get/set network timeout for connections. (com.mysql.jdbc.JDBC4Connection.getNetworkTimeout()I)
2021-03-17 02:41:03.773  INFO 23684 --- [main] com.zaxxer.hikari.HikariDataSource       : HikariPool-1 - Start completed.
2021-03-17 02:41:03.788  INFO 23684 --- [main] org.hibernate.dialect.Dialect            : HHH000400: Using dialect: org.hibernate.dialect.MySQL5InnoDBDialect
2021-03-17 02:41:04.082  INFO 23684 --- [main] o.h.e.t.j.p.i.JtaPlatformInitiator       : HHH000490: Using JtaPlatform implementation: [org.hibernate.engine.transaction.jta.platform.internal.NoJtaPlatform]
2021-03-17 02:41:04.092  INFO 23684 --- [main] j.LocalContainerEntityManagerFactoryBean : Initialized JPA EntityManagerFactory for persistence unit 'default'
2021-03-17 02:41:04.206  WARN 23684 --- [main] JpaBaseConfiguration$JpaWebConfiguration : spring.jpa.open-in-view is enabled by default. Therefore, database queries may be performed during view rendering. Explicitly configure spring.jpa.open-in-view to disable this warning
2021-03-17 02:41:04.681  INFO 23684 --- [main] o.s.s.concurrent.ThreadPoolTaskExecutor  : Initializing ExecutorService 'applicationTaskExecutor'
2021-03-17 02:41:05.037  WARN 23684 --- [main] ConfigServletWebServerApplicationContext : Exception encountered during context initialization - cancelling refresh attempt: org.springframework.beans.factory.UnsatisfiedDependencyException: Error creating bean with name 'managementSecurityFilterChain' defined in class path resource [org/springframework/boot/actuate/autoconfigure/security/servlet/ManagementWebSecurityAutoConfiguration.class]: Unsatisfied dependency expressed through method 'managementSecurityFilterChain' parameter 0; nested exception is org.springframework.beans.factory.NoSuchBeanDefinitionException: No qualifying bean of type 'org.springframework.security.config.annotation.web.builders.HttpSecurity' available: expected at least 1 bean which qualifies as autowire candidate. Dependency annotations: {}
2021-03-17 02:41:05.038  INFO 23684 --- [main] o.s.s.concurrent.ThreadPoolTaskExecutor  : Shutting down ExecutorService 'applicationTaskExecutor'
2021-03-17 02:41:05.038  INFO 23684 --- [main] j.LocalContainerEntityManagerFactoryBean : Closing JPA EntityManagerFactory for persistence unit 'default'
2021-03-17 02:41:05.041  INFO 23684 --- [main] com.zaxxer.hikari.HikariDataSource       : HikariPool-1 - Shutdown initiated...
2021-03-17 02:41:05.044  INFO 23684 --- [main] com.zaxxer.hikari.HikariDataSource       : HikariPool-1 - Shutdown completed.
2021-03-17 02:41:05.046  INFO 23684 --- [main] o.apache.catalina.core.StandardService   : Stopping service [Tomcat]
2021-03-17 02:41:05.057  INFO 23684 --- [main] ConditionEvaluationReportLoggingListener : 

Error starting ApplicationContext. To display the conditions report re-run your application with 'debug' enabled.
2021-03-17 02:41:05.069 ERROR 23684 --- [main] o.s.b.d.LoggingFailureAnalysisReporter   : 

***************************
APPLICATION FAILED TO START
***************************

Description:

Parameter 0 of method managementSecurityFilterChain in org.springframework.boot.actuate.autoconfigure.security.servlet.ManagementWebSecurityAutoConfiguration required a bean of type 'org.springframework.security.config.annotation.web.builders.HttpSecurity' that could not be found.


Action:

Consider defining a bean of type 'org.springframework.security.config.annotation.web.builders.HttpSecurity' in your configuration.

2021-03-17 02:46:24.035  INFO 23864 --- [main] com.nzzi.guide.todo.TodoApplication      : Starting TodoApplication using Java 1.8.0_121 on Choi with PID 23864 (N:\projects\guide_projects\todo\out\production\classes started by Choi in N:\projects\guide_projects\todo)
2021-03-17 02:46:24.038  INFO 23864 --- [main] com.nzzi.guide.todo.TodoApplication      : No active profile set, falling back to default profiles: default
2021-03-17 02:46:24.979  INFO 23864 --- [main] .s.d.r.c.RepositoryConfigurationDelegate : Bootstrapping Spring Data JPA repositories in DEFAULT mode.
2021-03-17 02:46:25.038  INFO 23864 --- [main] .s.d.r.c.RepositoryConfigurationDelegate : Finished Spring Data repository scanning in 53 ms. Found 2 JPA repository interfaces.
2021-03-17 02:46:25.328  INFO 23864 --- [main] trationDelegate$BeanPostProcessorChecker : Bean 'org.springframework.security.access.expression.method.DefaultMethodSecurityExpressionHandler@608bc8f8' of type [org.springframework.security.access.expression.method.DefaultMethodSecurityExpressionHandler] is not eligible for getting processed by all BeanPostProcessors (for example: not eligible for auto-proxying)
2021-03-17 02:46:25.332  INFO 23864 --- [main] trationDelegate$BeanPostProcessorChecker : Bean 'methodSecurityMetadataSource' of type [org.springframework.security.access.method.DelegatingMethodSecurityMetadataSource] is not eligible for getting processed by all BeanPostProcessors (for example: not eligible for auto-proxying)
2021-03-17 02:46:25.607  INFO 23864 --- [main] o.s.b.w.embedded.tomcat.TomcatWebServer  : Tomcat initialized with port(s): 9530 (http)
2021-03-17 02:46:25.615  INFO 23864 --- [main] o.apache.catalina.core.StandardService   : Starting service [Tomcat]
2021-03-17 02:46:25.616  INFO 23864 --- [main] org.apache.catalina.core.StandardEngine  : Starting Servlet engine: [Apache Tomcat/9.0.43]
2021-03-17 02:46:25.743  INFO 23864 --- [main] o.a.c.c.C.[Tomcat].[localhost].[/v1]     : Initializing Spring embedded WebApplicationContext
2021-03-17 02:46:25.743  INFO 23864 --- [main] w.s.c.ServletWebServerApplicationContext : Root WebApplicationContext: initialization completed in 1648 ms
2021-03-17 02:46:26.190  INFO 23864 --- [main] o.hibernate.jpa.internal.util.LogHelper  : HHH000204: Processing PersistenceUnitInfo [name: default]
2021-03-17 02:46:26.232  INFO 23864 --- [main] org.hibernate.Version                    : HHH000412: Hibernate ORM core version 5.4.28.Final
2021-03-17 02:46:26.341  INFO 23864 --- [main] o.hibernate.annotations.common.Version   : HCANN000001: Hibernate Commons Annotations {5.1.2.Final}
2021-03-17 02:46:26.434  INFO 23864 --- [main] com.zaxxer.hikari.HikariDataSource       : HikariPool-1 - Starting...
2021-03-17 02:46:26.553  INFO 23864 --- [main] com.zaxxer.hikari.pool.PoolBase          : HikariPool-1 - Driver does not support get/set network timeout for connections. (com.mysql.jdbc.JDBC4Connection.getNetworkTimeout()I)
2021-03-17 02:46:26.556  INFO 23864 --- [main] com.zaxxer.hikari.HikariDataSource       : HikariPool-1 - Start completed.
2021-03-17 02:46:26.567  INFO 23864 --- [main] org.hibernate.dialect.Dialect            : HHH000400: Using dialect: org.hibernate.dialect.MySQL5InnoDBDialect
2021-03-17 02:46:27.248  INFO 23864 --- [main] o.h.e.t.j.p.i.JtaPlatformInitiator       : HHH000490: Using JtaPlatform implementation: [org.hibernate.engine.transaction.jta.platform.internal.NoJtaPlatform]
2021-03-17 02:46:27.257  INFO 23864 --- [main] j.LocalContainerEntityManagerFactoryBean : Initialized JPA EntityManagerFactory for persistence unit 'default'
2021-03-17 02:46:27.748  WARN 23864 --- [main] JpaBaseConfiguration$JpaWebConfiguration : spring.jpa.open-in-view is enabled by default. Therefore, database queries may be performed during view rendering. Explicitly configure spring.jpa.open-in-view to disable this warning
2021-03-17 02:46:28.553  INFO 23864 --- [main] o.s.s.web.DefaultSecurityFilterChain     : Will secure Ant [pattern='/assets/**'] with []
2021-03-17 02:46:28.554  INFO 23864 --- [main] o.s.s.web.DefaultSecurityFilterChain     : Will secure Ant [pattern='/js/**'] with []
2021-03-17 02:46:28.554  INFO 23864 --- [main] o.s.s.web.DefaultSecurityFilterChain     : Will secure Ant [pattern='/health'] with []
2021-03-17 02:46:28.554  INFO 23864 --- [main] o.s.s.web.DefaultSecurityFilterChain     : Will secure Ant [pattern='/actuator/**'] with []
2021-03-17 02:46:28.554  INFO 23864 --- [main] o.s.s.web.DefaultSecurityFilterChain     : Will secure Ant [pattern='/swagger-ui.html'] with []
2021-03-17 02:46:28.554  INFO 23864 --- [main] o.s.s.web.DefaultSecurityFilterChain     : Will secure Ant [pattern='/swagger-ui/**'] with []
2021-03-17 02:46:28.554  INFO 23864 --- [main] o.s.s.web.DefaultSecurityFilterChain     : Will secure Ant [pattern='/api-docs'] with []
2021-03-17 02:46:28.554  INFO 23864 --- [main] o.s.s.web.DefaultSecurityFilterChain     : Will secure Ant [pattern='/api-docs/**'] with []
2021-03-17 02:46:28.644  INFO 23864 --- [main] o.s.s.web.DefaultSecurityFilterChain     : Will secure Or [Ant [pattern='/oauth/token'], Ant [pattern='/oauth/token_key'], Ant [pattern='/oauth/check_token']] with [org.springframework.security.web.context.request.async.WebAsyncManagerIntegrationFilter@2fa47368, org.springframework.security.web.context.SecurityContextPersistenceFilter@7296fe0b, org.springframework.security.web.header.HeaderWriterFilter@3d7b3b18, org.springframework.security.web.authentication.logout.LogoutFilter@5e80d5, org.springframework.security.web.authentication.www.BasicAuthenticationFilter@60a99f3d, org.springframework.security.web.savedrequest.RequestCacheAwareFilter@578d472a, org.springframework.security.web.servletapi.SecurityContextHolderAwareRequestFilter@7fbbdd8a, org.springframework.security.web.authentication.AnonymousAuthenticationFilter@35841d6, org.springframework.security.web.session.SessionManagementFilter@5abc5854, org.springframework.security.web.access.ExceptionTranslationFilter@5d5ae6aa, org.springframework.security.web.access.intercept.FilterSecurityInterceptor@4ab86b2a]
2021-03-17 02:46:28.655  INFO 23864 --- [main] o.s.s.web.DefaultSecurityFilterChain     : Will secure org.springframework.security.oauth2.config.annotation.web.configuration.ResourceServerConfiguration$NotOAuthRequestMatcher@54bc3bcf with [org.springframework.security.web.context.request.async.WebAsyncManagerIntegrationFilter@d3d5094, org.springframework.security.web.context.SecurityContextPersistenceFilter@1ba7db2a, org.springframework.security.web.header.HeaderWriterFilter@5d7ff311, org.springframework.security.web.authentication.logout.LogoutFilter@924f3f1, org.springframework.security.oauth2.provider.authentication.OAuth2AuthenticationProcessingFilter@72e49f6a, org.springframework.security.web.savedrequest.RequestCacheAwareFilter@762cdf46, org.springframework.security.web.servletapi.SecurityContextHolderAwareRequestFilter@54e94de9, org.springframework.security.web.session.SessionManagementFilter@2d7aa291, org.springframework.security.web.access.ExceptionTranslationFilter@4ad3969, org.springframework.security.web.access.intercept.FilterSecurityInterceptor@26612078]
2021-03-17 02:46:29.082  INFO 23864 --- [main] o.s.b.a.e.web.EndpointLinksResolver      : Exposing 2 endpoint(s) beneath base path '/actuator'
2021-03-17 02:46:29.115  INFO 23864 --- [main] o.s.s.web.DefaultSecurityFilterChain     : Will secure any request with [org.springframework.security.web.context.request.async.WebAsyncManagerIntegrationFilter@4247093b, org.springframework.security.web.context.SecurityContextPersistenceFilter@39ead1b7, org.springframework.security.web.header.HeaderWriterFilter@38b54694, org.springframework.web.filter.CorsFilter@7074da1d, org.springframework.security.web.authentication.logout.LogoutFilter@63880be9, org.springframework.security.web.savedrequest.RequestCacheAwareFilter@27ec74a3, org.springframework.security.web.servletapi.SecurityContextHolderAwareRequestFilter@35ff072c, org.springframework.security.web.session.SessionManagementFilter@7619fbe7, org.springframework.security.web.access.ExceptionTranslationFilter@7b8cb283, org.springframework.security.web.access.intercept.FilterSecurityInterceptor@4bca8eaf]
2021-03-17 02:46:29.213  INFO 23864 --- [main] o.s.s.concurrent.ThreadPoolTaskExecutor  : Initializing ExecutorService 'applicationTaskExecutor'
2021-03-17 02:46:29.565  INFO 23864 --- [main] o.s.b.w.embedded.tomcat.TomcatWebServer  : Tomcat started on port(s): 9530 (http) with context path '/v1'
2021-03-17 02:46:29.575  INFO 23864 --- [main] com.nzzi.guide.todo.TodoApplication      : Started TodoApplication in 6.121 seconds (JVM running for 7.239)
